<?xml version="1.0" encoding="UTF-8"?>
<!-- Generated by org.testng.reporters.JUnitXMLReporter -->
<testsuite hostname="NDI-LAP-762" ignored="3" name="Free CRM App Test Cases For Regression" tests="9" failures="1" timestamp="26 Nov 2018 08:22:15 GMT" time="253.14" errors="0">
  <testcase name="loginPageTitleTest" time="0.024" classname="com.freecrm.qa.testcases.LoginPageTest"/>
  <testcase name="homePageVerifyCorrectUserName" time="0.102" classname="com.freecrm.qa.testcases.HomePageTest"/>
  <testcase name="crmLogoImageTest" time="0.049" classname="com.freecrm.qa.testcases.LoginPageTest"/>
  <testcase name="homePageVerifyTitleTest" time="0.016" classname="com.freecrm.qa.testcases.HomePageTest"/>
  <testcase name="verifyContactsLinkTest" time="1.445" classname="com.freecrm.qa.testcases.HomePageTest"/>
  <testcase name="validateNewContact" time="4.103" classname="com.freecrm.qa.testcases.ContactsPageTest"/>
  <testcase name="validateNewContact" time="2.207" classname="com.freecrm.qa.testcases.ContactsPageTest"/>
  <testcase name="validateDeleteContact" time="28.539" classname="com.freecrm.qa.testcases.ContactsPageTest"/>
  <testcase name="validateDeleteContact" time="20.369" classname="com.freecrm.qa.testcases.ContactsPageTest">
    <failure type="org.openqa.selenium.NoSuchElementException" message="no such element: Unable to locate element: {&amp;quot;method&amp;quot;:&amp;quot;xpath&amp;quot;,&amp;quot;selector&amp;quot;:&amp;quot;//a[text()=&amp;apos;Neeraj Dubey&amp;apos;]//parent::td//following-sibling::td//following-sibling::td//following-sibling::td//following-sibling::td//following-sibling::td//following-sibling::td//a//following-sibling::a//following-sibling::a//following-sibling::a//i[@title=&amp;apos;Delete&amp;apos;]&amp;quot;}
  (Session info: chrome=70.0.3538.102)
  (Driver info: chromedriver=2.40.565498 (ea082db3280dd6843ebfb08a625e3eb905c4f5ab),platform=Windows NT 10.0.15063 x86_64) (WARNING: The server did not provide any stacktrace information)
Command duration or timeout: 0 milliseconds
For documentation on this error, please visit: http://seleniumhq.org/exceptions/no_such_element.html
Build info: version: &amp;apos;3.5.3&amp;apos;, revision: &amp;apos;a88d25fe6b&amp;apos;, time: &amp;apos;2017-08-29T12:42:44.417Z&amp;apos;
System info: host: &amp;apos;NDI-LAP-762&amp;apos;, ip: &amp;apos;192.168.1.228&amp;apos;, os.name: &amp;apos;Windows 10&amp;apos;, os.arch: &amp;apos;amd64&amp;apos;, os.version: &amp;apos;10.0&amp;apos;, java.version: &amp;apos;1.8.0_152&amp;apos;
Driver info: org.openqa.selenium.chrome.ChromeDriver
Capabilities [{mobileEmulationEnabled=false, hasTouchScreen=false, platform=XP, acceptSslCerts=false, acceptInsecureCerts=false, webStorageEnabled=true, browserName=chrome, takesScreenshot=true, javascriptEnabled=true, platformName=XP, setWindowRect=true, unexpectedAlertBehaviour=, applicationCacheEnabled=false, rotatable=false, networkConnectionEnabled=false, chrome={chromedriverVersion=2.40.565498 (ea082db3280dd6843ebfb08a625e3eb905c4f5ab), userDataDir=C:\Users\MOZAHI~1.ABE\AppData\Local\Temp\scoped_dir9508_24968}, takesHeapSnapshot=true, pageLoadStrategy=normal, unhandledPromptBehavior=, databaseEnabled=false, handlesAlerts=true, version=70.0.3538.102, browserConnectionEnabled=false, nativeEvents=true, locationContextEnabled=true, cssSelectorsEnabled=true}]
Session ID: fe87aeb7421a96052042a11ee817bf2d
*** Element info: {Using=xpath, value=//a[text()=&amp;apos;Neeraj Dubey&amp;apos;]//parent::td//following-sibling::td//following-sibling::td//following-sibling::td//following-sibling::td//following-sibling::td//following-sibling::td//a//following-sibling::a//following-sibling::a//following-sibling::a//i[@title=&amp;apos;Delete&amp;apos;]}">
      <![CDATA[org.openqa.selenium.NoSuchElementException: no such element: Unable to locate element: {"method":"xpath","selector":"//a[text()='Neeraj Dubey']//parent::td//following-sibling::td//following-sibling::td//following-sibling::td//following-sibling::td//following-sibling::td//following-sibling::td//a//following-sibling::a//following-sibling::a//following-sibling::a//i[@title='Delete']"}
  (Session info: chrome=70.0.3538.102)
  (Driver info: chromedriver=2.40.565498 (ea082db3280dd6843ebfb08a625e3eb905c4f5ab),platform=Windows NT 10.0.15063 x86_64) (WARNING: The server did not provide any stacktrace information)
Command duration or timeout: 0 milliseconds
For documentation on this error, please visit: http://seleniumhq.org/exceptions/no_such_element.html
Build info: version: '3.5.3', revision: 'a88d25fe6b', time: '2017-08-29T12:42:44.417Z'
System info: host: 'NDI-LAP-762', ip: '192.168.1.228', os.name: 'Windows 10', os.arch: 'amd64', os.version: '10.0', java.version: '1.8.0_152'
Driver info: org.openqa.selenium.chrome.ChromeDriver
Capabilities [{mobileEmulationEnabled=false, hasTouchScreen=false, platform=XP, acceptSslCerts=false, acceptInsecureCerts=false, webStorageEnabled=true, browserName=chrome, takesScreenshot=true, javascriptEnabled=true, platformName=XP, setWindowRect=true, unexpectedAlertBehaviour=, applicationCacheEnabled=false, rotatable=false, networkConnectionEnabled=false, chrome={chromedriverVersion=2.40.565498 (ea082db3280dd6843ebfb08a625e3eb905c4f5ab), userDataDir=C:\Users\MOZAHI~1.ABE\AppData\Local\Temp\scoped_dir9508_24968}, takesHeapSnapshot=true, pageLoadStrategy=normal, unhandledPromptBehavior=, databaseEnabled=false, handlesAlerts=true, version=70.0.3538.102, browserConnectionEnabled=false, nativeEvents=true, locationContextEnabled=true, cssSelectorsEnabled=true}]
Session ID: fe87aeb7421a96052042a11ee817bf2d
*** Element info: {Using=xpath, value=//a[text()='Neeraj Dubey']//parent::td//following-sibling::td//following-sibling::td//following-sibling::td//following-sibling::td//following-sibling::td//following-sibling::td//a//following-sibling::a//following-sibling::a//following-sibling::a//i[@title='Delete']}
	at org.openqa.selenium.remote.ErrorHandler.createThrowable(ErrorHandler.java:215)
	at org.openqa.selenium.remote.ErrorHandler.throwIfResponseFailed(ErrorHandler.java:167)
	at org.openqa.selenium.remote.http.JsonHttpResponseCodec.reconstructValue(JsonHttpResponseCodec.java:40)
	at org.openqa.selenium.remote.http.AbstractHttpResponseCodec.decode(AbstractHttpResponseCodec.java:82)
	at org.openqa.selenium.remote.http.AbstractHttpResponseCodec.decode(AbstractHttpResponseCodec.java:45)
	at org.openqa.selenium.remote.HttpCommandExecutor.execute(HttpCommandExecutor.java:164)
	at org.openqa.selenium.remote.service.DriverCommandExecutor.execute(DriverCommandExecutor.java:82)
	at org.openqa.selenium.remote.RemoteWebDriver.execute(RemoteWebDriver.java:646)
	at org.openqa.selenium.remote.RemoteWebDriver.findElement(RemoteWebDriver.java:416)
	at org.openqa.selenium.remote.RemoteWebDriver.findElementByXPath(RemoteWebDriver.java:518)
	at org.openqa.selenium.By$ByXPath.findElement(By.java:361)
	at org.openqa.selenium.remote.RemoteWebDriver.findElement(RemoteWebDriver.java:408)
	at org.openqa.selenium.support.events.EventFiringWebDriver$2.invoke(EventFiringWebDriver.java:105)
	at com.sun.proxy.$Proxy7.findElement(Unknown Source)
	at org.openqa.selenium.support.events.EventFiringWebDriver.findElement(EventFiringWebDriver.java:189)
	at com.freecrm.qa.pages.ContactsPage.deleteContact(ContactsPage.java:75)
	at com.freecrm.qa.testcases.ContactsPageTest.validateDeleteContact(ContactsPageTest.java:71)
... Removed 32 stack frames]]>
    </failure>
  </testcase> <!-- validateDeleteContact -->
  <testcase name="loginTest" time="0.0" classname="com.freecrm.qa.testcases.LoginPageTest">
    <ignored/>
  </testcase> <!-- loginTest -->
  <testcase name="verifyContacyLabelTest" time="0.0" classname="com.freecrm.qa.testcases.ContactsPageTest">
    <ignored/>
  </testcase> <!-- verifyContacyLabelTest -->
  <testcase name="selectContactsByName" time="0.0" classname="com.freecrm.qa.testcases.ContactsPageTest">
    <ignored/>
  </testcase> <!-- selectContactsByName -->
</testsuite> <!-- Free CRM App Test Cases For Regression -->
