<?xml version="1.0" encoding="UTF-8"?>
<testng-results skipped="1" failed="1" ignored="2" total="6" passed="2">
  <reporter-output>
  </reporter-output>
  <suite name="Automation Assessment Project" duration-ms="68504" started-at="2018-11-26T10:39:09Z" finished-at="2018-11-26T10:40:17Z">
    <groups>
    </groups>
    <test name="Free CRM App Test Cases For Sanity" duration-ms="68504" started-at="2018-11-26T10:39:09Z" finished-at="2018-11-26T10:40:17Z">
      <class name="com.freecrm.qa.testcases.HomePageTest">
        <test-method status="PASS" signature="setup()[pri:0, instance:com.freecrm.qa.testcases.HomePageTest@2ac273d3]" name="setup" is-config="true" duration-ms="24827" started-at="2018-11-26T16:09:09Z" finished-at="2018-11-26T16:09:33Z">
          <reporter-output>
          </reporter-output>
        </test-method> <!-- setup -->
        <test-method status="PASS" signature="homePageVerifyCorrectUserName()[pri:1, instance:com.freecrm.qa.testcases.HomePageTest@2ac273d3]" name="homePageVerifyCorrectUserName" duration-ms="112" started-at="2018-11-26T16:09:33Z" finished-at="2018-11-26T16:09:34Z">
          <reporter-output>
          </reporter-output>
        </test-method> <!-- homePageVerifyCorrectUserName -->
        <test-method status="PASS" signature="tearDown()[pri:0, instance:com.freecrm.qa.testcases.HomePageTest@2ac273d3]" name="tearDown" is-config="true" duration-ms="874" started-at="2018-11-26T16:09:34Z" finished-at="2018-11-26T16:09:34Z">
          <reporter-output>
          </reporter-output>
        </test-method> <!-- tearDown -->
        <test-method status="PASS" signature="setup()[pri:0, instance:com.freecrm.qa.testcases.HomePageTest@2ac273d3]" name="setup" is-config="true" duration-ms="19822" started-at="2018-11-26T16:09:34Z" finished-at="2018-11-26T16:09:54Z">
          <reporter-output>
          </reporter-output>
        </test-method> <!-- setup -->
        <test-method status="FAIL" signature="homePageVerifyTitleTest()[pri:2, instance:com.freecrm.qa.testcases.HomePageTest@2ac273d3]" name="homePageVerifyTitleTest" duration-ms="16" started-at="2018-11-26T16:09:54Z" depends-on-methods="com.freecrm.qa.testcases.HomePageTest.homePageVerifyCorrectUserName" finished-at="2018-11-26T16:09:54Z">
          <exception class="java.lang.AssertionError">
            <message>
              <![CDATA[Home page title does not match. expected [CRMPRO1] but found [CRMPRO]]]>
            </message>
            <full-stacktrace>
              <![CDATA[java.lang.AssertionError: Home page title does not match. expected [CRMPRO1] but found [CRMPRO]
	at org.testng.Assert.fail(Assert.java:93)
	at org.testng.Assert.failNotEquals(Assert.java:512)
	at org.testng.Assert.assertEqualsImpl(Assert.java:134)
	at org.testng.Assert.assertEquals(Assert.java:115)
	at org.testng.Assert.assertEquals(Assert.java:189)
	at com.freecrm.qa.testcases.HomePageTest.homePageVerifyTitleTest(HomePageTest.java:55)
	at sun.reflect.NativeMethodAccessorImpl.invoke0(Native Method)
	at sun.reflect.NativeMethodAccessorImpl.invoke(NativeMethodAccessorImpl.java:62)
	at sun.reflect.DelegatingMethodAccessorImpl.invoke(DelegatingMethodAccessorImpl.java:43)
	at java.lang.reflect.Method.invoke(Method.java:498)
	at org.testng.internal.MethodInvocationHelper.invokeMethod(MethodInvocationHelper.java:108)
	at org.testng.internal.Invoker.invokeMethod(Invoker.java:661)
	at org.testng.internal.Invoker.invokeTestMethod(Invoker.java:869)
	at org.testng.internal.Invoker.invokeTestMethods(Invoker.java:1193)
	at org.testng.internal.TestMethodWorker.invokeTestMethods(TestMethodWorker.java:126)
	at org.testng.internal.TestMethodWorker.run(TestMethodWorker.java:109)
	at org.testng.TestRunner.privateRun(TestRunner.java:744)
	at org.testng.TestRunner.run(TestRunner.java:602)
	at org.testng.SuiteRunner.runTest(SuiteRunner.java:380)
	at org.testng.SuiteRunner.runSequentially(SuiteRunner.java:375)
	at org.testng.SuiteRunner.privateRun(SuiteRunner.java:340)
	at org.testng.SuiteRunner.run(SuiteRunner.java:289)
	at org.testng.SuiteRunnerWorker.runSuite(SuiteRunnerWorker.java:52)
	at org.testng.SuiteRunnerWorker.run(SuiteRunnerWorker.java:86)
	at org.testng.TestNG.runSuitesSequentially(TestNG.java:1301)
	at org.testng.TestNG.runSuitesLocally(TestNG.java:1226)
	at org.testng.TestNG.runSuites(TestNG.java:1144)
	at org.testng.TestNG.run(TestNG.java:1115)
	at org.testng.remote.AbstractRemoteTestNG.run(AbstractRemoteTestNG.java:114)
	at org.testng.remote.RemoteTestNG.initAndRun(RemoteTestNG.java:251)
	at org.testng.remote.RemoteTestNG.main(RemoteTestNG.java:77)
]]>
            </full-stacktrace>
          </exception> <!-- java.lang.AssertionError -->
          <reporter-output>
          </reporter-output>
        </test-method> <!-- homePageVerifyTitleTest -->
        <test-method status="PASS" signature="tearDown()[pri:0, instance:com.freecrm.qa.testcases.HomePageTest@2ac273d3]" name="tearDown" is-config="true" duration-ms="795" started-at="2018-11-26T16:09:54Z" finished-at="2018-11-26T16:09:55Z">
          <reporter-output>
          </reporter-output>
        </test-method> <!-- tearDown -->
        <test-method status="SKIP" signature="verifyContactsLinkTest()[pri:3, instance:com.freecrm.qa.testcases.HomePageTest@2ac273d3]" name="verifyContactsLinkTest" duration-ms="0" started-at="2018-11-26T16:10:17Z" depends-on-methods="com.freecrm.qa.testcases.HomePageTest.homePageVerifyTitleTest" finished-at="2018-11-26T16:10:17Z">
          <exception class="java.lang.Throwable">
            <message>
              <![CDATA[Method HomePageTest.verifyContactsLinkTest()[pri:3, instance:com.freecrm.qa.testcases.HomePageTest@2ac273d3] depends on not successfully finished methods]]>
            </message>
            <full-stacktrace>
              <![CDATA[java.lang.Throwable: Method HomePageTest.verifyContactsLinkTest()[pri:3, instance:com.freecrm.qa.testcases.HomePageTest@2ac273d3] depends on not successfully finished methods
	at org.testng.internal.Invoker.invokeTestMethods(Invoker.java:1084)
	at org.testng.internal.TestMethodWorker.invokeTestMethods(TestMethodWorker.java:126)
	at org.testng.internal.TestMethodWorker.run(TestMethodWorker.java:109)
	at org.testng.TestRunner.privateRun(TestRunner.java:744)
	at org.testng.TestRunner.run(TestRunner.java:602)
	at org.testng.SuiteRunner.runTest(SuiteRunner.java:380)
	at org.testng.SuiteRunner.runSequentially(SuiteRunner.java:375)
	at org.testng.SuiteRunner.privateRun(SuiteRunner.java:340)
	at org.testng.SuiteRunner.run(SuiteRunner.java:289)
	at org.testng.SuiteRunnerWorker.runSuite(SuiteRunnerWorker.java:52)
	at org.testng.SuiteRunnerWorker.run(SuiteRunnerWorker.java:86)
	at org.testng.TestNG.runSuitesSequentially(TestNG.java:1301)
	at org.testng.TestNG.runSuitesLocally(TestNG.java:1226)
	at org.testng.TestNG.runSuites(TestNG.java:1144)
	at org.testng.TestNG.run(TestNG.java:1115)
	at org.testng.remote.AbstractRemoteTestNG.run(AbstractRemoteTestNG.java:114)
	at org.testng.remote.RemoteTestNG.initAndRun(RemoteTestNG.java:251)
	at org.testng.remote.RemoteTestNG.main(RemoteTestNG.java:77)
]]>
            </full-stacktrace>
          </exception> <!-- java.lang.Throwable -->
          <reporter-output>
          </reporter-output>
        </test-method> <!-- verifyContactsLinkTest -->
      </class> <!-- com.freecrm.qa.testcases.HomePageTest -->
      <class name="com.freecrm.qa.testcases.LoginPageTest">
        <test-method status="PASS" signature="setup()[pri:0, instance:com.freecrm.qa.testcases.LoginPageTest@5383967b]" name="setup" is-config="true" duration-ms="13949" started-at="2018-11-26T16:09:55Z" finished-at="2018-11-26T16:10:09Z">
          <reporter-output>
          </reporter-output>
        </test-method> <!-- setup -->
        <test-method status="PASS" signature="loginTest()[pri:3, instance:com.freecrm.qa.testcases.LoginPageTest@5383967b]" name="loginTest" duration-ms="7283" started-at="2018-11-26T16:10:09Z" finished-at="2018-11-26T16:10:16Z">
          <reporter-output>
          </reporter-output>
        </test-method> <!-- loginTest -->
        <test-method status="PASS" signature="tearDown()[pri:0, instance:com.freecrm.qa.testcases.LoginPageTest@5383967b]" name="tearDown" is-config="true" duration-ms="798" started-at="2018-11-26T16:10:16Z" finished-at="2018-11-26T16:10:17Z">
          <reporter-output>
          </reporter-output>
        </test-method> <!-- tearDown -->
      </class> <!-- com.freecrm.qa.testcases.LoginPageTest -->
    </test> <!-- Free CRM App Test Cases For Sanity -->
  </suite> <!-- Automation Assessment Project -->
</testng-results>
